生成启动时间为 2016/1/19 16:11:40。
     1>项目“d:\我的文档\Visual Studio 2012\Projects\TcpParse\TcpParse\TcpParse.vcxproj”在节点 2 上(Build 个目标)。
     1>InitializeBuildStatus:
         正在对“Release\TcpParse.unsuccessfulbuild”执行 Touch 任务。
       ClCompile:
         所有输出均为最新。
         D:\Program Files (x86)\Microsoft Visual Studio 11.0\VC\bin\CL.exe /c /Zi /nologo /W3 /WX- /O2 /Oi /Oy- /GL /D WIN32 /D _WINDOWS /D NDEBUG /D _UNICODE /D UNICODE /Gm- /EHsc /MT /GS /Gy /fp:precise /Zc:wchar_t /Zc:forScope /Yu"stdafx.h" /Fp"Release\TcpParse.pch" /Fo"Release\\" /Fd"Release\vc110.pdb" /Gd /TP /analyze- /errorReport:prompt ReadPcap.cpp
         ReadPcap.cpp
     1>d:\我的文档\visual studio 2012\projects\tcpparse\tcpparse\ParseType.h(46): warning C4244: “参数”: 从“const u64”转换到“const u32”，可能丢失数据
       ResourceCompile:
         C:\Program Files (x86)\Windows Kits\8.0\bin\x86\rc.exe /D NDEBUG /D _UNICODE /D UNICODE /l"0x0804" /IRelease\ /nologo /fo"Release\TcpParse.res" TcpParse.rc 
       Link:
         D:\Program Files (x86)\Microsoft Visual Studio 11.0\VC\bin\link.exe /ERRORREPORT:PROMPT /OUT:"d:\我的文档\Visual Studio 2012\Projects\TcpParse\Release\TcpParse.exe" /INCREMENTAL:NO /NOLOGO /MANIFEST /MANIFESTUAC:"level='asInvoker' uiAccess='false'" /manifest:embed /manifestinput:"D:\Program Files (x86)\Microsoft Visual Studio 11.0\VC\Include\Manifest\dpiaware.manifest" /DEBUG /PDB:"d:\我的文档\Visual Studio 2012\Projects\TcpParse\Release\TcpParse.pdb" /SUBSYSTEM:WINDOWS /OPT:REF /OPT:ICF /LTCG /TLBID:1 /ENTRY:"wWinMainCRTStartup" /DYNAMICBASE /NXCOMPAT /IMPLIB:"d:\我的文档\Visual Studio 2012\Projects\TcpParse\Release\TcpParse.lib" /MACHINE:X86 /SAFESEH Release\TcpParse.res
         Release\Flow.obj
         Release\ReadPcap.obj
         Release\stdafx.obj
         Release\TcpParse.obj
         Release\TcpParseDlg.obj
         Release\TcpStream.obj
         正在生成代码
         已完成代码的生成
         TcpParse.vcxproj -> d:\我的文档\Visual Studio 2012\Projects\TcpParse\Release\TcpParse.exe
       FinalizeBuildStatus:
         正在删除文件“Release\TcpParse.unsuccessfulbuild”。
         正在对“Release\TcpParse.lastbuildstate”执行 Touch 任务。
     1>已完成生成项目“d:\我的文档\Visual Studio 2012\Projects\TcpParse\TcpParse\TcpParse.vcxproj”(Build 个目标)的操作。

生成成功。

已用时间 00:00:09.64
